<?xml version="1.0" encoding="UTF-8"?>
<testng-results skipped="0" failed="0" ignored="0" total="4" passed="4">
  <reporter-output>
  </reporter-output>
  <suite name="NegativeTestSuite" duration-ms="33904" started-at="2018-06-15T04:33:47Z" finished-at="2018-06-15T04:34:21Z">
    <groups>
      <group name="smokeTests">
        <method signature="NegativeTests.negativeTest(java.lang.String, java.lang.String, java.lang.String)[pri:1, instance:com.inthinc.my.NegativeTests@7d9d1a19]" name="negativeTest" class="com.inthinc.my.NegativeTests"/>
        <method signature="NegativeTests.negativeTest(java.lang.String, java.lang.String, java.lang.String)[pri:1, instance:com.inthinc.my.NegativeTests@1ce92674]" name="negativeTest" class="com.inthinc.my.NegativeTests"/>
        <method signature="NegativeTests.negativeTest(java.lang.String, java.lang.String, java.lang.String)[pri:1, instance:com.inthinc.my.NegativeTests@3f49dace]" name="negativeTest" class="com.inthinc.my.NegativeTests"/>
        <method signature="NegativeTests.negativeTest(java.lang.String, java.lang.String, java.lang.String)[pri:1, instance:com.inthinc.my.NegativeTests@59494225]" name="negativeTest" class="com.inthinc.my.NegativeTests"/>
      </group> <!-- smokeTests -->
      <group name="negativeTests">
        <method signature="NegativeTests.negativeTest(java.lang.String, java.lang.String, java.lang.String)[pri:1, instance:com.inthinc.my.NegativeTests@7d9d1a19]" name="negativeTest" class="com.inthinc.my.NegativeTests"/>
        <method signature="NegativeTests.negativeTest(java.lang.String, java.lang.String, java.lang.String)[pri:1, instance:com.inthinc.my.NegativeTests@1ce92674]" name="negativeTest" class="com.inthinc.my.NegativeTests"/>
        <method signature="NegativeTests.negativeTest(java.lang.String, java.lang.String, java.lang.String)[pri:1, instance:com.inthinc.my.NegativeTests@3f49dace]" name="negativeTest" class="com.inthinc.my.NegativeTests"/>
        <method signature="NegativeTests.negativeTest(java.lang.String, java.lang.String, java.lang.String)[pri:1, instance:com.inthinc.my.NegativeTests@59494225]" name="negativeTest" class="com.inthinc.my.NegativeTests"/>
      </group> <!-- negativeTests -->
    </groups>
    <test name="NegativeUsernameTest-CH" duration-ms="10490" started-at="2018-06-15T04:33:47Z" finished-at="2018-06-15T04:33:58Z">
      <class name="com.inthinc.my.NegativeTests">
        <test-method status="PASS" signature="setUp(java.lang.String)[pri:0, instance:com.inthinc.my.NegativeTests@7d9d1a19]" name="setUp" is-config="true" duration-ms="8666" started-at="2018-06-15T04:33:47Z" finished-at="2018-06-15T04:33:56Z">
          <params>
            <param index="0">
              <value>
                <![CDATA[chrome]]>
              </value>
            </param>
          </params>
          <reporter-output>
          </reporter-output>
        </test-method> <!-- setUp -->
        <test-method status="PASS" signature="negativeTest(java.lang.String, java.lang.String, java.lang.String)[pri:1, instance:com.inthinc.my.NegativeTests@7d9d1a19]" name="negativeTest" duration-ms="1718" started-at="2018-06-15T04:33:56Z" finished-at="2018-06-15T04:33:58Z">
          <params>
            <param index="0">
              <value>
                <![CDATA[incorrectUsername]]>
              </value>
            </param>
            <param index="1">
              <value>
                <![CDATA[10105100]]>
              </value>
            </param>
            <param index="2">
              <value>
                <![CDATA[The credentials you provided cannot be determined to be authentic.]]>
              </value>
            </param>
          </params>
          <reporter-output>
          </reporter-output>
        </test-method> <!-- negativeTest -->
        <test-method status="PASS" signature="tearDown()[pri:0, instance:com.inthinc.my.NegativeTests@7d9d1a19]" name="tearDown" is-config="true" duration-ms="77" started-at="2018-06-15T04:33:58Z" finished-at="2018-06-15T04:33:58Z">
          <reporter-output>
          </reporter-output>
        </test-method> <!-- tearDown -->
      </class> <!-- com.inthinc.my.NegativeTests -->
    </test> <!-- NegativeUsernameTest-CH -->
    <test name="NegativeUsernameTest-FF" duration-ms="10021" started-at="2018-06-15T04:33:58Z" finished-at="2018-06-15T04:34:08Z">
      <class name="com.inthinc.my.NegativeTests">
        <test-method status="PASS" signature="setUp(java.lang.String)[pri:0, instance:com.inthinc.my.NegativeTests@1ce92674]" name="setUp" is-config="true" duration-ms="6934" started-at="2018-06-15T04:33:58Z" finished-at="2018-06-15T04:34:05Z">
          <params>
            <param index="0">
              <value>
                <![CDATA[firefox]]>
              </value>
            </param>
          </params>
          <reporter-output>
          </reporter-output>
        </test-method> <!-- setUp -->
        <test-method status="PASS" signature="negativeTest(java.lang.String, java.lang.String, java.lang.String)[pri:1, instance:com.inthinc.my.NegativeTests@1ce92674]" name="negativeTest" duration-ms="2006" started-at="2018-06-15T04:34:05Z" finished-at="2018-06-15T04:34:07Z">
          <params>
            <param index="0">
              <value>
                <![CDATA[incorrectUsername]]>
              </value>
            </param>
            <param index="1">
              <value>
                <![CDATA[10105100]]>
              </value>
            </param>
            <param index="2">
              <value>
                <![CDATA[The credentials you provided cannot be determined to be authentic.]]>
              </value>
            </param>
          </params>
          <reporter-output>
          </reporter-output>
        </test-method> <!-- negativeTest -->
        <test-method status="PASS" signature="tearDown()[pri:0, instance:com.inthinc.my.NegativeTests@1ce92674]" name="tearDown" is-config="true" duration-ms="1074" started-at="2018-06-15T04:34:07Z" finished-at="2018-06-15T04:34:08Z">
          <reporter-output>
          </reporter-output>
        </test-method> <!-- tearDown -->
      </class> <!-- com.inthinc.my.NegativeTests -->
    </test> <!-- NegativeUsernameTest-FF -->
    <test name="NegativePasswordTest-CH" duration-ms="3175" started-at="2018-06-15T04:34:08Z" finished-at="2018-06-15T04:34:11Z">
      <class name="com.inthinc.my.NegativeTests">
        <test-method status="PASS" signature="setUp(java.lang.String)[pri:0, instance:com.inthinc.my.NegativeTests@3f49dace]" name="setUp" is-config="true" duration-ms="550" started-at="2018-06-15T04:34:08Z" finished-at="2018-06-15T04:34:08Z">
          <params>
            <param index="0">
              <value>
                <![CDATA[chrome]]>
              </value>
            </param>
          </params>
          <reporter-output>
          </reporter-output>
        </test-method> <!-- setUp -->
        <test-method status="PASS" signature="negativeTest(java.lang.String, java.lang.String, java.lang.String)[pri:1, instance:com.inthinc.my.NegativeTests@3f49dace]" name="negativeTest" duration-ms="2551" started-at="2018-06-15T04:34:08Z" finished-at="2018-06-15T04:34:11Z">
          <params>
            <param index="0">
              <value>
                <![CDATA[eprotopopov3951]]>
              </value>
            </param>
            <param index="1">
              <value>
                <![CDATA[incorrectPassword]]>
              </value>
            </param>
            <param index="2">
              <value>
                <![CDATA[The credentials you provided cannot be determined to be authentic.]]>
              </value>
            </param>
          </params>
          <reporter-output>
          </reporter-output>
        </test-method> <!-- negativeTest -->
        <test-method status="PASS" signature="tearDown()[pri:0, instance:com.inthinc.my.NegativeTests@3f49dace]" name="tearDown" is-config="true" duration-ms="70" started-at="2018-06-15T04:34:11Z" finished-at="2018-06-15T04:34:11Z">
          <reporter-output>
          </reporter-output>
        </test-method> <!-- tearDown -->
      </class> <!-- com.inthinc.my.NegativeTests -->
    </test> <!-- NegativePasswordTest-CH -->
    <test name="NegativePasswordTest-FF" duration-ms="10152" started-at="2018-06-15T04:34:11Z" finished-at="2018-06-15T04:34:21Z">
      <class name="com.inthinc.my.NegativeTests">
        <test-method status="PASS" signature="setUp(java.lang.String)[pri:0, instance:com.inthinc.my.NegativeTests@59494225]" name="setUp" is-config="true" duration-ms="7225" started-at="2018-06-15T04:34:11Z" finished-at="2018-06-15T04:34:18Z">
          <params>
            <param index="0">
              <value>
                <![CDATA[firefox]]>
              </value>
            </param>
          </params>
          <reporter-output>
          </reporter-output>
        </test-method> <!-- setUp -->
        <test-method status="PASS" signature="negativeTest(java.lang.String, java.lang.String, java.lang.String)[pri:1, instance:com.inthinc.my.NegativeTests@59494225]" name="negativeTest" duration-ms="1976" started-at="2018-06-15T04:34:18Z" finished-at="2018-06-15T04:34:20Z">
          <params>
            <param index="0">
              <value>
                <![CDATA[eprotopopov3951]]>
              </value>
            </param>
            <param index="1">
              <value>
                <![CDATA[incorrectPassword]]>
              </value>
            </param>
            <param index="2">
              <value>
                <![CDATA[The credentials you provided cannot be determined to be authentic.]]>
              </value>
            </param>
          </params>
          <reporter-output>
          </reporter-output>
        </test-method> <!-- negativeTest -->
        <test-method status="PASS" signature="tearDown()[pri:0, instance:com.inthinc.my.NegativeTests@59494225]" name="tearDown" is-config="true" duration-ms="949" started-at="2018-06-15T04:34:20Z" finished-at="2018-06-15T04:34:21Z">
          <reporter-output>
          </reporter-output>
        </test-method> <!-- tearDown -->
      </class> <!-- com.inthinc.my.NegativeTests -->
    </test> <!-- NegativePasswordTest-FF -->
  </suite> <!-- NegativeTestSuite -->
</testng-results>
