<?xml version="1.0" encoding="UTF-8"?>
<!-- Generated by org.testng.reporters.JUnitXMLReporter -->
<testsuite hostname="anekrasova-ubuntu" ignored="3" name="ExceptionsTest" tests="1" failures="0" timestamp="07 Jun 2018 20:03:45 GMT" time="14.382" errors="0">
  <testcase name="staleElementTest" time="6.345" classname="com.inthinc.my.ExceptionsTests"/>
  <testcase name="notVisibleTest" time="0.0" classname="com.inthinc.my.ExceptionsTests">
    <ignored/>
  </testcase> <!-- notVisibleTest -->
  <testcase name="timeoutTest" time="0.0" classname="com.inthinc.my.ExceptionsTests">
    <ignored/>
  </testcase> <!-- timeoutTest -->
  <testcase name="noSuchElementTest" time="0.0" classname="com.inthinc.my.ExceptionsTests">
    <ignored/>
  </testcase> <!-- noSuchElementTest -->
</testsuite> <!-- ExceptionsTest -->
